{"status": "failed", "name": "Login to orange HRM with multiple parameters -- @1.4 ", "parameters": [{"name": "username", "value": "admin"}, {"name": "password", "value": "adminxyz"}], "labels": [{"name": "severity", "value": "normal"}, {"name": "feature", "value": "OrangeHRM Login"}, {"name": "framework", "value": "behave"}, {"name": "language", "value": "cpython2"}], "stop": 1609252458518, "historyId": "4013e7790dbae45008d550c662c19f28", "start": 1609252436597, "steps": [{"status": "passed", "start": 1609252436600, "stop": 1609252441652, "name": "Given I launch chrome browser"}, {"status": "passed", "start": 1609252441652, "stop": 1609252454795, "name": "When I open orange HRM Homepage"}, {"status": "passed", "start": 1609252454796, "stop": 1609252454990, "name": "And Enter username \"admin\" and password \"adminxyz\""}, {"status": "passed", "start": 1609252454990, "stop": 1609252456409, "name": "And Click on login button"}, {"status": "failed", "start": 1609252456410, "stop": 1609252458517, "name": "Then User must successfully login to the Dashboard page", "statusDetails": {"message": "AssertionError: Test Failed\n", "trace": "  File \"c:\\users\\prachi\\pycharmprojects\\ behaveproject\\venv\\lib\\site-packages\\behave\\model.py\", line 1329, in run\n    match.run(runner.context)\n  File \"c:\\users\\prachi\\pycharmprojects\\ behaveproject\\venv\\lib\\site-packages\\behave\\matchers.py\", line 98, in run\n    self.func(context, *args, **kwargs)\n  File \"features\\steps\\loginsteps.py\", line 34, in step_impl\n    assert False, \"Test Failed\"\n"}}], "statusDetails": {"message": "AssertionError: Test Failed\n", "trace": "  File \"c:\\users\\prachi\\pycharmprojects\\ behaveproject\\venv\\lib\\site-packages\\behave\\model.py\", line 1329, in run\n    match.run(runner.context)\n  File \"c:\\users\\prachi\\pycharmprojects\\ behaveproject\\venv\\lib\\site-packages\\behave\\matchers.py\", line 98, in run\n    self.func(context, *args, **kwargs)\n  File \"features\\steps\\loginsteps.py\", line 34, in step_impl\n    assert False, \"Test Failed\"\n"}, "uuid": "a4e8e6cb-b279-4910-bcb3-c1e2ffcb1397"}