{"status": "failed", "name": "Login to orange HRM with multiple parameters -- @1.3 ", "parameters": [{"name": "username", "value": "adminxyz"}, {"name": "password", "value": "admin123"}], "labels": [{"name": "severity", "value": "normal"}, {"name": "feature", "value": "OrangeHRM Login"}, {"name": "framework", "value": "behave"}, {"name": "language", "value": "cpython2"}], "stop": 1609252436593, "historyId": "4908fc3bc47e96d3f4f9ab2076cb8120", "start": 1609252426215, "steps": [{"status": "passed", "start": 1609252426217, "stop": 1609252431189, "name": "Given I launch chrome browser"}, {"status": "passed", "start": 1609252431190, "stop": 1609252435328, "name": "When I open orange HRM Homepage"}, {"status": "passed", "start": 1609252435329, "stop": 1609252435498, "name": "And Enter username \"adminxyz\" and password \"admin123\""}, {"status": "passed", "start": 1609252435498, "stop": 1609252436205, "name": "And Click on login button"}, {"status": "failed", "start": 1609252436206, "stop": 1609252436592, "name": "Then User must successfully login to the Dashboard page", "statusDetails": {"message": "AssertionError: Test Failed\n", "trace": "  File \"c:\\users\\prachi\\pycharmprojects\\ behaveproject\\venv\\lib\\site-packages\\behave\\model.py\", line 1329, in run\n    match.run(runner.context)\n  File \"c:\\users\\prachi\\pycharmprojects\\ behaveproject\\venv\\lib\\site-packages\\behave\\matchers.py\", line 98, in run\n    self.func(context, *args, **kwargs)\n  File \"features\\steps\\loginsteps.py\", line 34, in step_impl\n    assert False, \"Test Failed\"\n"}}], "statusDetails": {"message": "AssertionError: Test Failed\n", "trace": "  File \"c:\\users\\prachi\\pycharmprojects\\ behaveproject\\venv\\lib\\site-packages\\behave\\model.py\", line 1329, in run\n    match.run(runner.context)\n  File \"c:\\users\\prachi\\pycharmprojects\\ behaveproject\\venv\\lib\\site-packages\\behave\\matchers.py\", line 98, in run\n    self.func(context, *args, **kwargs)\n  File \"features\\steps\\loginsteps.py\", line 34, in step_impl\n    assert False, \"Test Failed\"\n"}, "uuid": "35894b4a-db06-4da0-a99d-d1f2c0ad9a22"}