{"status": "failed", "name": "Login to orange HRM with multiple parameters -- @1.2 ", "parameters": [{"name": "username", "value": "admin123"}, {"name": "password", "value": "admin"}], "labels": [{"name": "severity", "value": "normal"}, {"name": "feature", "value": "OrangeHRM Login"}, {"name": "framework", "value": "behave"}, {"name": "language", "value": "cpython2"}], "stop": 1609252426210, "historyId": "c0d26f0761a1c6e2d540575b31713586", "start": 1609252413604, "steps": [{"status": "passed", "start": 1609252413607, "stop": 1609252419074, "name": "Given I launch chrome browser"}, {"status": "passed", "start": 1609252419074, "stop": 1609252424888, "name": "When I open orange HRM Homepage"}, {"status": "passed", "start": 1609252424889, "stop": 1609252425053, "name": "And Enter username \"admin123\" and password \"admin\""}, {"status": "passed", "start": 1609252425053, "stop": 1609252426034, "name": "And Click on login button"}, {"status": "failed", "start": 1609252426034, "stop": 1609252426209, "name": "Then User must successfully login to the Dashboard page", "statusDetails": {"message": "AssertionError: Test Failed\n", "trace": "  File \"c:\\users\\prachi\\pycharmprojects\\ behaveproject\\venv\\lib\\site-packages\\behave\\model.py\", line 1329, in run\n    match.run(runner.context)\n  File \"c:\\users\\prachi\\pycharmprojects\\ behaveproject\\venv\\lib\\site-packages\\behave\\matchers.py\", line 98, in run\n    self.func(context, *args, **kwargs)\n  File \"features\\steps\\loginsteps.py\", line 34, in step_impl\n    assert False, \"Test Failed\"\n"}}], "statusDetails": {"message": "AssertionError: Test Failed\n", "trace": "  File \"c:\\users\\prachi\\pycharmprojects\\ behaveproject\\venv\\lib\\site-packages\\behave\\model.py\", line 1329, in run\n    match.run(runner.context)\n  File \"c:\\users\\prachi\\pycharmprojects\\ behaveproject\\venv\\lib\\site-packages\\behave\\matchers.py\", line 98, in run\n    self.func(context, *args, **kwargs)\n  File \"features\\steps\\loginsteps.py\", line 34, in step_impl\n    assert False, \"Test Failed\"\n"}, "uuid": "bcf37fba-fd95-4f8e-8a87-d89c2b0aae22"}